<?xml version="1.0" encoding="UTF-8"?>
<!-- Generated by org.testng.reporters.JUnitReportReporter -->
<testsuite hostname="Bhaveshkumars-MacBook-Air.local" failures="0" tests="6" name="com.seta.testcases.GoogleSearchTests" time="31.146" errors="0" timestamp="2024-02-06T12:50:57 CST" skipped="0">
  <testcase classname="com.seta.testcases.GoogleSearchTests" name="verifyGoogleSearchFirstLinkTest" time="6.505"/>
  <system-out/>
  <testcase classname="com.seta.testcases.GoogleSearchTests" name="verifyGoogleSearchWithAlphaNumericCharTermTest" time="4.678"/>
  <system-out/>
  <testcase classname="com.seta.testcases.GoogleSearchTests" name="verifyGoogleSearchWithMisSpelledCorrectionTermTest" time="5.363"/>
  <system-out/>
  <testcase classname="com.seta.testcases.GoogleSearchTests" name="verifyGoogleSearchTopThreeTermResultsTest" time="4.747"/>
  <system-out/>
  <testcase classname="com.seta.testcases.GoogleSearchTests" name="verifyGoogleSearchWithBadTermTest" time="4.409"/>
  <system-out/>
  <testcase classname="com.seta.testcases.GoogleSearchTests" name="verifyGoogleSearchWithSpecialCharTermTest" time="5.444"/>
  <system-out/>
</testsuite> <!-- com.seta.testcases.GoogleSearchTests -->
