<?xml version="1.0" encoding="UTF-8"?>
<!-- Generated by org.testng.reporters.JUnitReportReporter -->
<testsuite hostname="Bhaveshkumars-MacBook-Air.local" failures="0" tests="4" name="com.sefa.testcases.GoogleSearchTests" time="14.899" errors="0" timestamp="2024-02-01T21:36:46 CST" skipped="0">
  <testcase classname="com.sefa.testcases.GoogleSearchTests" name="verifyGoogleSearchWithAlphaNumericCharTerm" time="3.084"/>
  <system-out/>
  <testcase classname="com.sefa.testcases.GoogleSearchTests" name="verifyGoogleSearchWithBadTerm" time="3.115"/>
  <system-out/>
  <testcase classname="com.sefa.testcases.GoogleSearchTests" name="verifyGoogleSearchWithSpecialCharTerm" time="3.877"/>
  <system-out/>
  <testcase classname="com.sefa.testcases.GoogleSearchTests" name="verifyGoogleSearchFirstLink" time="4.823"/>
  <system-out/>
</testsuite> <!-- com.sefa.testcases.GoogleSearchTests -->
