<?xml version="1.0" encoding="UTF-8"?>
<!-- Generated by org.testng.reporters.JUnitReportReporter -->
<testsuite hostname="Bhaveshkumars-MacBook-Air.local" failures="0" tests="5" name="com.seta.testcases.GoogleSearchTests" time="16.742" errors="0" timestamp="2024-02-02T03:01:21 CST" skipped="0">
  <testcase classname="com.seta.testcases.GoogleSearchTests" name="verifyGoogleSearchWithMisSpelledCorrectionTermTest" time="4.025"/>
  <system-out/>
  <testcase classname="com.seta.testcases.GoogleSearchTests" name="verifyGoogleSearchWithAlphaNumericCharTermTest" time="2.340"/>
  <system-out/>
  <testcase classname="com.seta.testcases.GoogleSearchTests" name="verifyGoogleSearchWithSpecialCharTermTest" time="4.219"/>
  <system-out/>
  <testcase classname="com.seta.testcases.GoogleSearchTests" name="verifyGoogleSearchFirstLinkTest" time="4.044"/>
  <system-out/>
  <testcase classname="com.seta.testcases.GoogleSearchTests" name="verifyGoogleSearchWithBadTermTest" time="2.114"/>
  <system-out/>
</testsuite> <!-- com.seta.testcases.GoogleSearchTests -->
