<?xml version="1.0" encoding="UTF-8"?>
<!-- Generated by org.testng.reporters.JUnitReportReporter -->
<testsuite hostname="Bhaveshkumars-MacBook-Air.local" failures="0" tests="5" name="com.seta.testcases.BingSearchTests" time="20.347" errors="0" timestamp="2024-02-06T12:50:57 CST" skipped="0">
  <testcase classname="com.seta.testcases.BingSearchTests" name="verifyBingSearchWithSpecialCharTermTest" time="4.205"/>
  <system-out/>
  <testcase classname="com.seta.testcases.BingSearchTests" name="verifyBingSearchFirstLinkTest" time="3.838"/>
  <system-out/>
  <testcase classname="com.seta.testcases.BingSearchTests" name="verifyBingTopThreeTermSearchResultsTest" time="4.155"/>
  <system-out/>
  <testcase classname="com.seta.testcases.BingSearchTests" name="verifyBingSearchWithMisSpelledCorrectionTermTest" time="3.882"/>
  <system-out/>
  <testcase classname="com.seta.testcases.BingSearchTests" name="verifyBingSearchWithAlphaNumericCharTermTest" time="4.267"/>
  <system-out/>
</testsuite> <!-- com.seta.testcases.BingSearchTests -->
