<?xml version="1.0" encoding="UTF-8"?>
<!-- Generated by org.testng.reporters.JUnitReportReporter -->
<testsuite hostname="Bhaveshkumars-MacBook-Air.local" failures="0" tests="5" name="com.seta.testcases.BingSearchTests" time="18.530" errors="0" timestamp="2024-02-06T12:39:20 CST" skipped="0">
  <testcase classname="com.seta.testcases.BingSearchTests" name="verifyBingSearchWithMisSpelledCorrectionTermTest" time="4.164"/>
  <system-out/>
  <testcase classname="com.seta.testcases.BingSearchTests" name="verifyBingSearchFirstLinkTest" time="3.994"/>
  <system-out/>
  <testcase classname="com.seta.testcases.BingSearchTests" name="verifyBingTopThreeTermSearchResultsTest" time="2.230"/>
  <system-out/>
  <testcase classname="com.seta.testcases.BingSearchTests" name="verifyBingSearchWithAlphaNumericCharTermTest" time="3.881"/>
  <system-out/>
  <testcase classname="com.seta.testcases.BingSearchTests" name="verifyBingSearchWithSpecialCharTermTest" time="4.261"/>
  <system-out/>
</testsuite> <!-- com.seta.testcases.BingSearchTests -->
