<?xml version="1.0" encoding="UTF-8"?>
<!-- Generated by org.testng.reporters.JUnitReportReporter -->
<testsuite hostname="Bhaveshkumars-MacBook-Air.local" failures="0" tests="6" name="com.seta.testcases.GoogleSearchTests" time="36.077" errors="0" timestamp="2024-02-06T12:39:20 CST" skipped="0">
  <testcase classname="com.seta.testcases.GoogleSearchTests" name="verifyGoogleSearchWithAlphaNumericCharTermTest" time="5.768"/>
  <system-out/>
  <testcase classname="com.seta.testcases.GoogleSearchTests" name="verifyGoogleSearchFirstLinkTest" time="7.450"/>
  <system-out/>
  <testcase classname="com.seta.testcases.GoogleSearchTests" name="verifyGoogleSearchWithMisSpelledCorrectionTermTest" time="9.293"/>
  <system-out/>
  <testcase classname="com.seta.testcases.GoogleSearchTests" name="verifyGoogleSearchWithSpecialCharTermTest" time="6.344"/>
  <system-out/>
  <testcase classname="com.seta.testcases.GoogleSearchTests" name="verifyGoogleSearchWithBadTermTest" time="3.998"/>
  <system-out/>
  <testcase classname="com.seta.testcases.GoogleSearchTests" name="verifyGoogleSearchTopThreeTermResultsTest" time="3.224"/>
  <system-out/>
</testsuite> <!-- com.seta.testcases.GoogleSearchTests -->
