<?xml version="1.0" encoding="UTF-8"?>
<!-- Generated by org.testng.reporters.JUnitReportReporter -->
<testsuite hostname="Bhaveshkumars-MacBook-Air.local" failures="0" tests="6" name="com.seta.testcases.YahooSearchTests" time="52.252" errors="0" timestamp="2024-02-06T12:39:20 CST" skipped="0">
  <testcase classname="com.seta.testcases.YahooSearchTests" name="verifyYahooSearchWithMisSpelledCorrectionTermTest" time="6.781"/>
  <system-out/>
  <testcase classname="com.seta.testcases.YahooSearchTests" name="verifyYahooSearchWithAlphaNumericCharTermTest" time="9.622"/>
  <system-out/>
  <testcase classname="com.seta.testcases.YahooSearchTests" name="verifyYahooSearchWithSpecialCharTermTest" time="11.694"/>
  <system-out/>
  <testcase classname="com.seta.testcases.YahooSearchTests" name="verifyYahooSearchWithBadTermTest" time="7.018"/>
  <system-out/>
  <testcase classname="com.seta.testcases.YahooSearchTests" name="verifyYahooSearchTopThreeTermResultsTest" time="10.482"/>
  <system-out/>
  <testcase classname="com.seta.testcases.YahooSearchTests" name="verifyYahooSearchFirstLinkTest" time="6.655"/>
  <system-out/>
</testsuite> <!-- com.seta.testcases.YahooSearchTests -->
