<?xml version="1.0" encoding="UTF-8"?>
<!-- Generated by org.testng.reporters.JUnitReportReporter -->
<testsuite hostname="Bhaveshkumars-MacBook-Air.local" failures="0" tests="6" name="com.seta.testcases.YahooSearchTests" time="41.453" errors="0" timestamp="2024-02-06T12:50:57 CST" skipped="0">
  <testcase classname="com.seta.testcases.YahooSearchTests" name="verifyYahooSearchWithBadTermTest" time="11.458"/>
  <system-out/>
  <testcase classname="com.seta.testcases.YahooSearchTests" name="verifyYahooSearchWithMisSpelledCorrectionTermTest" time="5.931"/>
  <system-out/>
  <testcase classname="com.seta.testcases.YahooSearchTests" name="verifyYahooSearchWithSpecialCharTermTest" time="5.793"/>
  <system-out/>
  <testcase classname="com.seta.testcases.YahooSearchTests" name="verifyYahooSearchTopThreeTermResultsTest" time="5.748"/>
  <system-out/>
  <testcase classname="com.seta.testcases.YahooSearchTests" name="verifyYahooSearchWithAlphaNumericCharTermTest" time="6.068"/>
  <system-out/>
  <testcase classname="com.seta.testcases.YahooSearchTests" name="verifyYahooSearchFirstLinkTest" time="6.455"/>
  <system-out/>
</testsuite> <!-- com.seta.testcases.YahooSearchTests -->
